# JRE version: OpenJDK Runtime Environment (11.0.12+7) (build 11.0.12+7-b1504.28-7817840)
# Java VM: OpenJDK 64-Bit Server VM (11.0.12+7-b1504.28-7817840, mixed mode, tiered, compressed oops, g1 gc, windows-amd64)
Heap:
 garbage-first heap   total 262144K, used 92656K [0x0000000700000000, 0x0000000800000000)
  region size 1024K, 61 young (62464K), 10 survivors (10240K)
 Metaspace       used 62795K, capacity 64468K, committed 64768K, reserved 1105920K
  class space    used 8241K, capacity 8860K, committed 8960K, reserved 1048576K
GC Heap History (14 events):
Event: 0.752 GC heap before
{Heap before GC invocations=0 (full 0):
 garbage-first heap   total 262144K, used 29696K [0x0000000700000000, 0x0000000800000000)
  region size 1024K, 24 young (24576K), 0 survivors (0K)
 Metaspace       used 10186K, capacity 10437K, committed 10624K, reserved 1058816K
  class space    used 1063K, capacity 1139K, committed 1152K, reserved 1048576K
}
Event: 0.756 GC heap after
{Heap after GC invocations=1 (full 0):
 garbage-first heap   total 262144K, used 9067K [0x0000000700000000, 0x0000000800000000)
  region size 1024K, 3 young (3072K), 3 survivors (3072K)
 Metaspace       used 10186K, capacity 10437K, committed 10624K, reserved 1058816K
  class space    used 1063K, capacity 1139K, committed 1152K, reserved 1048576K
}
Event: 2.456 GC heap before
{Heap before GC invocations=1 (full 0):
 garbage-first heap   total 262144K, used 104299K [0x0000000700000000, 0x0000000800000000)
  region size 1024K, 97 young (99328K), 3 survivors (3072K)
 Metaspace       used 20540K, capacity 21104K, committed 21248K, reserved 1067008K
  class space    used 2505K, capacity 2690K, committed 2816K, reserved 1048576K
}
Event: 2.464 GC heap after
{Heap after GC invocations=2 (full 0):
 garbage-first heap   total 262144K, used 16370K [0x0000000700000000, 0x0000000800000000)
  region size 1024K, 11 young (11264K), 11 survivors (11264K)
 Metaspace       used 20540K, capacity 21104K, committed 21248K, reserved 1067008K
  class space    used 2505K, capacity 2690K, committed 2816K, reserved 1048576K
}
Event: 2.778 GC heap before
{Heap before GC invocations=3 (full 0):
 garbage-first heap   total 262144K, used 49138K [0x0000000700000000, 0x0000000800000000)
  region size 1024K, 43 young (44032K), 11 survivors (11264K)
 Metaspace       used 23689K, capacity 24390K, committed 24576K, reserved 1071104K
  class space    used 3032K, capacity 3257K, committed 3328K, reserved 1048576K
}
Event: 2.785 GC heap after
{Heap after GC invocations=4 (full 0):
 garbage-first heap   total 262144K, used 17564K [0x0000000700000000, 0x0000000800000000)
  region size 1024K, 2 young (2048K), 2 survivors (2048K)
 Metaspace       used 23689K, capacity 24390K, committed 24576K, reserved 1071104K
  class space    used 3032K, capacity 3257K, committed 3328K, reserved 1048576K
}
Event: 3.874 GC heap before
{Heap before GC invocations=4 (full 0):
 garbage-first heap   total 262144K, used 97436K [0x0000000700000000, 0x0000000800000000)
  region size 1024K, 81 young (82944K), 2 survivors (2048K)
 Metaspace       used 35038K, capacity 35806K, committed 35840K, reserved 1081344K
  class space    used 4542K, capacity 4832K, committed 4864K, reserved 1048576K
}
Event: 3.883 GC heap after
{Heap after GC invocations=5 (full 0):
 garbage-first heap   total 262144K, used 21618K [0x0000000700000000, 0x0000000800000000)
  region size 1024K, 6 young (6144K), 6 survivors (6144K)
 Metaspace       used 35038K, capacity 35806K, committed 35840K, reserved 1081344K
  class space    used 4542K, capacity 4832K, committed 4864K, reserved 1048576K
}
Event: 5.632 GC heap before
{Heap before GC invocations=6 (full 0):
 garbage-first heap   total 262144K, used 151666K [0x0000000700000000, 0x0000000800000000)
  region size 1024K, 130 young (133120K), 6 survivors (6144K)
 Metaspace       used 46981K, capacity 48220K, committed 48384K, reserved 1091584K
  class space    used 6106K, capacity 6568K, committed 6656K, reserved 1048576K
}
Event: 5.644 GC heap after
{Heap after GC invocations=7 (full 0):
 garbage-first heap   total 262144K, used 28843K [0x0000000700000000, 0x0000000800000000)
  region size 1024K, 13 young (13312K), 13 survivors (13312K)
 Metaspace       used 46981K, capacity 48220K, committed 48384K, reserved 1091584K
  class space    used 6106K, capacity 6568K, committed 6656K, reserved 1048576K
}
Event: 7.077 GC heap before
{Heap before GC invocations=7 (full 0):
 garbage-first heap   total 262144K, used 174251K [0x0000000700000000, 0x0000000800000000)
  region size 1024K, 153 young (156672K), 13 survivors (13312K)
 Metaspace       used 57008K, capacity 58508K, committed 58752K, reserved 1099776K
  class space    used 7446K, capacity 8057K, committed 8064K, reserved 1048576K
}
Event: 7.090 GC heap after
{Heap after GC invocations=8 (full 0):
 garbage-first heap   total 262144K, used 39864K [0x0000000700000000, 0x0000000800000000)
  region size 1024K, 16 young (16384K), 16 survivors (16384K)
 Metaspace       used 57008K, capacity 58508K, committed 58752K, reserved 1099776K
  class space    used 7446K, capacity 8057K, committed 8064K, reserved 1048576K
}
Event: 7.368 GC heap before
{Heap before GC invocations=8 (full 0):
 garbage-first heap   total 262144K, used 66488K [0x0000000700000000, 0x0000000800000000)
  region size 1024K, 43 young (44032K), 16 survivors (16384K)
 Metaspace       used 58614K, capacity 60120K, committed 60160K, reserved 1101824K
  class space    used 7631K, capacity 8280K, committed 8320K, reserved 1048576K
}
Event: 7.388 GC heap after
{Heap after GC invocations=9 (full 0):
 garbage-first heap   total 262144K, used 41456K [0x0000000700000000, 0x0000000800000000)
  region size 1024K, 10 young (10240K), 10 survivors (10240K)
 Metaspace       used 58614K, capacity 60120K, committed 60160K, reserved 1101824K
  class space    used 7631K, capacity 8280K, committed 8320K, reserved 1048576K
}

