# JRE version: OpenJDK Runtime Environment (11.0.12+7) (build 11.0.12+7-b1504.28-7817840)
# Java VM: OpenJDK 64-Bit Server VM (11.0.12+7-b1504.28-7817840, mixed mode, tiered, compressed oops, g1 gc, windows-amd64)
Heap:
 garbage-first heap   total 485376K, used 369548K [0x0000000700000000, 0x0000000800000000)
  region size 1024K, 146 young (149504K), 13 survivors (13312K)
 Metaspace       used 132257K, capacity 137741K, committed 137888K, reserved 1169408K
  class space    used 16746K, capacity 18846K, committed 18968K, reserved 1048576K
GC Heap History (20 events):
Event: 250.006 GC heap before
{Heap before GC invocations=99 (full 0):
 garbage-first heap   total 485376K, used 360474K [0x0000000700000000, 0x0000000800000000)
  region size 1024K, 121 young (123904K), 2 survivors (2048K)
 Metaspace       used 130379K, capacity 135894K, committed 135968K, reserved 1167360K
  class space    used 16697K, capacity 18787K, committed 18840K, reserved 1048576K
}
Event: 250.017 GC heap after
{Heap after GC invocations=100 (full 0):
 garbage-first heap   total 485376K, used 242068K [0x0000000700000000, 0x0000000800000000)
  region size 1024K, 7 young (7168K), 7 survivors (7168K)
 Metaspace       used 130379K, capacity 135894K, committed 135968K, reserved 1167360K
  class space    used 16697K, capacity 18787K, committed 18840K, reserved 1048576K
}
Event: 250.272 GC heap before
{Heap before GC invocations=100 (full 0):
 garbage-first heap   total 485376K, used 258452K [0x0000000700000000, 0x0000000800000000)
  region size 1024K, 23 young (23552K), 7 survivors (7168K)
 Metaspace       used 130864K, capacity 136415K, committed 136608K, reserved 1167360K
  class space    used 16732K, capacity 18829K, committed 18968K, reserved 1048576K
}
Event: 250.284 GC heap after
{Heap after GC invocations=101 (full 0):
 garbage-first heap   total 485376K, used 232085K [0x0000000700000000, 0x0000000800000000)
  region size 1024K, 2 young (2048K), 2 survivors (2048K)
 Metaspace       used 130864K, capacity 136415K, committed 136608K, reserved 1167360K
  class space    used 16732K, capacity 18829K, committed 18968K, reserved 1048576K
}
Event: 340.302 GC heap before
{Heap before GC invocations=101 (full 0):
 garbage-first heap   total 485376K, used 363157K [0x0000000700000000, 0x0000000800000000)
  region size 1024K, 131 young (134144K), 2 survivors (2048K)
 Metaspace       used 131463K, capacity 136982K, committed 137120K, reserved 1167360K
  class space    used 16740K, capacity 18839K, committed 18968K, reserved 1048576K
}
Event: 340.378 GC heap after
{Heap after GC invocations=102 (full 0):
 garbage-first heap   total 485376K, used 247238K [0x0000000700000000, 0x0000000800000000)
  region size 1024K, 16 young (16384K), 16 survivors (16384K)
 Metaspace       used 131463K, capacity 136982K, committed 137120K, reserved 1167360K
  class space    used 16740K, capacity 18839K, committed 18968K, reserved 1048576K
}
Event: 341.379 GC heap before
{Heap before GC invocations=103 (full 0):
 garbage-first heap   total 485376K, used 371142K [0x0000000700000000, 0x0000000800000000)
  region size 1024K, 140 young (143360K), 16 survivors (16384K)
 Metaspace       used 131776K, capacity 137308K, committed 137632K, reserved 1167360K
  class space    used 16740K, capacity 18839K, committed 18968K, reserved 1048576K
}
Event: 341.423 GC heap after
{Heap after GC invocations=104 (full 0):
 garbage-first heap   total 485376K, used 279166K [0x0000000700000000, 0x0000000800000000)
  region size 1024K, 18 young (18432K), 18 survivors (18432K)
 Metaspace       used 131776K, capacity 137308K, committed 137632K, reserved 1167360K
  class space    used 16740K, capacity 18839K, committed 18968K, reserved 1048576K
}
Event: 341.451 GC heap before
{Heap before GC invocations=104 (full 0):
 garbage-first heap   total 485376K, used 284286K [0x0000000700000000, 0x0000000800000000)
  region size 1024K, 23 young (23552K), 18 survivors (18432K)
 Metaspace       used 131779K, capacity 137308K, committed 137632K, reserved 1167360K
  class space    used 16740K, capacity 18839K, committed 18968K, reserved 1048576K
}
Event: 341.479 GC heap after
{Heap after GC invocations=105 (full 0):
 garbage-first heap   total 485376K, used 270336K [0x0000000700000000, 0x0000000800000000)
  region size 1024K, 3 young (3072K), 3 survivors (3072K)
 Metaspace       used 131779K, capacity 137308K, committed 137632K, reserved 1167360K
  class space    used 16740K, capacity 18839K, committed 18968K, reserved 1048576K
}
Event: 342.387 GC heap before
{Heap before GC invocations=105 (full 0):
 garbage-first heap   total 485376K, used 375808K [0x0000000700000000, 0x0000000800000000)
  region size 1024K, 106 young (108544K), 3 survivors (3072K)
 Metaspace       used 131843K, capacity 137328K, committed 137632K, reserved 1167360K
  class space    used 16743K, capacity 18844K, committed 18968K, reserved 1048576K
}
Event: 342.412 GC heap after
{Heap after GC invocations=106 (full 0):
 garbage-first heap   total 485376K, used 281505K [0x0000000700000000, 0x0000000800000000)
  region size 1024K, 14 young (14336K), 14 survivors (14336K)
 Metaspace       used 131843K, capacity 137328K, committed 137632K, reserved 1167360K
  class space    used 16743K, capacity 18844K, committed 18968K, reserved 1048576K
}
Event: 343.100 GC heap before
{Heap before GC invocations=107 (full 0):
 garbage-first heap   total 485376K, used 370593K [0x0000000700000000, 0x0000000800000000)
  region size 1024K, 114 young (116736K), 14 survivors (14336K)
 Metaspace       used 131871K, capacity 137399K, committed 137632K, reserved 1167360K
  class space    used 16744K, capacity 18846K, committed 18968K, reserved 1048576K
}
Event: 343.123 GC heap after
{Heap after GC invocations=108 (full 0):
 garbage-first heap   total 485376K, used 276771K [0x0000000700000000, 0x0000000800000000)
  region size 1024K, 11 young (11264K), 11 survivors (11264K)
 Metaspace       used 131871K, capacity 137399K, committed 137632K, reserved 1167360K
  class space    used 16744K, capacity 18846K, committed 18968K, reserved 1048576K
}
Event: 343.170 GC heap before
{Heap before GC invocations=108 (full 0):
 garbage-first heap   total 485376K, used 288035K [0x0000000700000000, 0x0000000800000000)
  region size 1024K, 23 young (23552K), 11 survivors (11264K)
 Metaspace       used 131872K, capacity 137399K, committed 137632K, reserved 1167360K
  class space    used 16744K, capacity 18846K, committed 18968K, reserved 1048576K
}
Event: 343.186 GC heap after
{Heap after GC invocations=109 (full 0):
 garbage-first heap   total 485376K, used 232399K [0x0000000700000000, 0x0000000800000000)
  region size 1024K, 3 young (3072K), 3 survivors (3072K)
 Metaspace       used 131872K, capacity 137399K, committed 137632K, reserved 1167360K
  class space    used 16744K, capacity 18846K, committed 18968K, reserved 1048576K
}
Event: 343.252 GC heap before
{Heap before GC invocations=109 (full 0):
 garbage-first heap   total 485376K, used 252879K [0x0000000700000000, 0x0000000800000000)
  region size 1024K, 23 young (23552K), 3 survivors (3072K)
 Metaspace       used 131873K, capacity 137399K, committed 137632K, reserved 1167360K
  class space    used 16744K, capacity 18846K, committed 18968K, reserved 1048576K
}
Event: 343.273 GC heap after
{Heap after GC invocations=110 (full 0):
 garbage-first heap   total 485376K, used 224063K [0x0000000700000000, 0x0000000800000000)
  region size 1024K, 3 young (3072K), 3 survivors (3072K)
 Metaspace       used 131873K, capacity 137399K, committed 137632K, reserved 1167360K
  class space    used 16744K, capacity 18846K, committed 18968K, reserved 1048576K
}
Event: 344.167 GC heap before
{Heap before GC invocations=110 (full 0):
 garbage-first heap   total 485376K, used 361279K [0x0000000700000000, 0x0000000800000000)
  region size 1024K, 137 young (140288K), 3 survivors (3072K)
 Metaspace       used 131921K, capacity 137464K, committed 137632K, reserved 1167360K
  class space    used 16745K, capacity 18846K, committed 18968K, reserved 1048576K
}
Event: 344.186 GC heap after
{Heap after GC invocations=111 (full 0):
 garbage-first heap   total 485376K, used 233356K [0x0000000700000000, 0x0000000800000000)
  region size 1024K, 13 young (13312K), 13 survivors (13312K)
 Metaspace       used 131921K, capacity 137464K, committed 137632K, reserved 1167360K
  class space    used 16745K, capacity 18846K, committed 18968K, reserved 1048576K
}

