# JRE version: OpenJDK Runtime Environment (11.0.12+7) (build 11.0.12+7-b1504.28-7817840)
# Java VM: OpenJDK 64-Bit Server VM (11.0.12+7-b1504.28-7817840, mixed mode, tiered, compressed oops, g1 gc, windows-amd64)
Heap:
 garbage-first heap   total 262144K, used 114202K [0x0000000700000000, 0x0000000800000000)
  region size 1024K, 18 young (18432K), 16 survivors (16384K)
 Metaspace       used 92400K, capacity 96073K, committed 96256K, reserved 1132544K
  class space    used 12058K, capacity 13460K, committed 13568K, reserved 1048576K
GC Heap History (20 events):
Event: 0.716 GC heap before
{Heap before GC invocations=0 (full 0):
 garbage-first heap   total 262144K, used 29696K [0x0000000700000000, 0x0000000800000000)
  region size 1024K, 24 young (24576K), 0 survivors (0K)
 Metaspace       used 10214K, capacity 10429K, committed 10624K, reserved 1058816K
  class space    used 1064K, capacity 1139K, committed 1152K, reserved 1048576K
}
Event: 0.720 GC heap after
{Heap after GC invocations=1 (full 0):
 garbage-first heap   total 262144K, used 9348K [0x0000000700000000, 0x0000000800000000)
  region size 1024K, 3 young (3072K), 3 survivors (3072K)
 Metaspace       used 10214K, capacity 10429K, committed 10624K, reserved 1058816K
  class space    used 1064K, capacity 1139K, committed 1152K, reserved 1048576K
}
Event: 2.922 GC heap before
{Heap before GC invocations=1 (full 0):
 garbage-first heap   total 262144K, used 104580K [0x0000000700000000, 0x0000000800000000)
  region size 1024K, 97 young (99328K), 3 survivors (3072K)
 Metaspace       used 20563K, capacity 21096K, committed 21248K, reserved 1067008K
  class space    used 2509K, capacity 2690K, committed 2816K, reserved 1048576K
}
Event: 2.931 GC heap after
{Heap after GC invocations=2 (full 0):
 garbage-first heap   total 262144K, used 16758K [0x0000000700000000, 0x0000000800000000)
  region size 1024K, 11 young (11264K), 11 survivors (11264K)
 Metaspace       used 20563K, capacity 21096K, committed 21248K, reserved 1067008K
  class space    used 2509K, capacity 2690K, committed 2816K, reserved 1048576K
}
Event: 3.431 GC heap before
{Heap before GC invocations=3 (full 0):
 garbage-first heap   total 262144K, used 43382K [0x0000000700000000, 0x0000000800000000)
  region size 1024K, 37 young (37888K), 11 survivors (11264K)
 Metaspace       used 23066K, capacity 23625K, committed 23936K, reserved 1071104K
  class space    used 2931K, capacity 3110K, committed 3200K, reserved 1048576K
}
Event: 3.437 GC heap after
{Heap after GC invocations=4 (full 0):
 garbage-first heap   total 262144K, used 17756K [0x0000000700000000, 0x0000000800000000)
  region size 1024K, 2 young (2048K), 2 survivors (2048K)
 Metaspace       used 23066K, capacity 23625K, committed 23936K, reserved 1071104K
  class space    used 2931K, capacity 3110K, committed 3200K, reserved 1048576K
}
Event: 25.077 GC heap before
{Heap before GC invocations=4 (full 0):
 garbage-first heap   total 262144K, used 102748K [0x0000000700000000, 0x0000000800000000)
  region size 1024K, 87 young (89088K), 2 survivors (2048K)
 Metaspace       used 35070K, capacity 35831K, committed 35840K, reserved 1081344K
  class space    used 4543K, capacity 4864K, committed 4864K, reserved 1048576K
}
Event: 25.084 GC heap after
{Heap after GC invocations=5 (full 0):
 garbage-first heap   total 262144K, used 22385K [0x0000000700000000, 0x0000000800000000)
  region size 1024K, 6 young (6144K), 6 survivors (6144K)
 Metaspace       used 35070K, capacity 35831K, committed 35840K, reserved 1081344K
  class space    used 4543K, capacity 4864K, committed 4864K, reserved 1048576K
}
Event: 31.928 GC heap before
{Heap before GC invocations=6 (full 0):
 garbage-first heap   total 262144K, used 150385K [0x0000000700000000, 0x0000000800000000)
  region size 1024K, 128 young (131072K), 6 survivors (6144K)
 Metaspace       used 46810K, capacity 48020K, committed 48128K, reserved 1091584K
  class space    used 6103K, capacity 6566K, committed 6656K, reserved 1048576K
}
Event: 31.940 GC heap after
{Heap after GC invocations=7 (full 0):
 garbage-first heap   total 262144K, used 29160K [0x0000000700000000, 0x0000000800000000)
  region size 1024K, 13 young (13312K), 13 survivors (13312K)
 Metaspace       used 46810K, capacity 48020K, committed 48128K, reserved 1091584K
  class space    used 6103K, capacity 6566K, committed 6656K, reserved 1048576K
}
Event: 37.457 GC heap before
{Heap before GC invocations=7 (full 0):
 garbage-first heap   total 262144K, used 169448K [0x0000000700000000, 0x0000000800000000)
  region size 1024K, 147 young (150528K), 13 survivors (13312K)
 Metaspace       used 56488K, capacity 58031K, committed 58240K, reserved 1099776K
  class space    used 7367K, capacity 7983K, committed 8064K, reserved 1048576K
}
Event: 37.470 GC heap after
{Heap after GC invocations=8 (full 0):
 garbage-first heap   total 262144K, used 39399K [0x0000000700000000, 0x0000000800000000)
  region size 1024K, 15 young (15360K), 15 survivors (15360K)
 Metaspace       used 56488K, capacity 58031K, committed 58240K, reserved 1099776K
  class space    used 7367K, capacity 7983K, committed 8064K, reserved 1048576K
}
Event: 37.986 GC heap before
{Heap before GC invocations=8 (full 0):
 garbage-first heap   total 262144K, used 72167K [0x0000000700000000, 0x0000000800000000)
  region size 1024K, 48 young (49152K), 15 survivors (15360K)
 Metaspace       used 58557K, capacity 60018K, committed 60160K, reserved 1101824K
  class space    used 7607K, capacity 8190K, committed 8192K, reserved 1048576K
}
Event: 38.002 GC heap after
{Heap after GC invocations=9 (full 0):
 garbage-first heap   total 262144K, used 40948K [0x0000000700000000, 0x0000000800000000)
  region size 1024K, 10 young (10240K), 10 survivors (10240K)
 Metaspace       used 58557K, capacity 60018K, committed 60160K, reserved 1101824K
  class space    used 7607K, capacity 8190K, committed 8192K, reserved 1048576K
}
Event: 52.011 GC heap before
{Heap before GC invocations=10 (full 0):
 garbage-first heap   total 262144K, used 197620K [0x0000000700000000, 0x0000000800000000)
  region size 1024K, 153 young (156672K), 10 survivors (10240K)
 Metaspace       used 66979K, capacity 69009K, committed 69120K, reserved 1110016K
  class space    used 8713K, capacity 9454K, committed 9472K, reserved 1048576K
}
Event: 52.025 GC heap after
{Heap after GC invocations=11 (full 0):
 garbage-first heap   total 262144K, used 66400K [0x0000000700000000, 0x0000000800000000)
  region size 1024K, 20 young (20480K), 20 survivors (20480K)
 Metaspace       used 66979K, capacity 69009K, committed 69120K, reserved 1110016K
  class space    used 8713K, capacity 9454K, committed 9472K, reserved 1048576K
}
Event: 53.374 GC heap before
{Heap before GC invocations=11 (full 0):
 garbage-first heap   total 262144K, used 200544K [0x0000000700000000, 0x0000000800000000)
  region size 1024K, 151 young (154624K), 20 survivors (20480K)
 Metaspace       used 79959K, capacity 82201K, committed 82304K, reserved 1120256K
  class space    used 10319K, capacity 11111K, committed 11136K, reserved 1048576K
}
Event: 53.393 GC heap after
{Heap after GC invocations=12 (full 0):
 garbage-first heap   total 262144K, used 75832K [0x0000000700000000, 0x0000000800000000)
  region size 1024K, 10 young (10240K), 10 survivors (10240K)
 Metaspace       used 79959K, capacity 82201K, committed 82304K, reserved 1120256K
  class space    used 10319K, capacity 11111K, committed 11136K, reserved 1048576K
}
Event: 55.293 GC heap before
{Heap before GC invocations=12 (full 0):
 garbage-first heap   total 262144K, used 203832K [0x0000000700000000, 0x0000000800000000)
  region size 1024K, 135 young (138240K), 10 survivors (10240K)
 Metaspace       used 87947K, capacity 90515K, committed 90624K, reserved 1128448K
  class space    used 11498K, capacity 12501K, committed 12544K, reserved 1048576K
}
Event: 55.312 GC heap after
{Heap after GC invocations=13 (full 0):
 garbage-first heap   total 262144K, used 89974K [0x0000000700000000, 0x0000000800000000)
  region size 1024K, 17 young (17408K), 17 survivors (17408K)
 Metaspace       used 87947K, capacity 90515K, committed 90624K, reserved 1128448K
  class space    used 11498K, capacity 12501K, committed 12544K, reserved 1048576K
}

