# JRE version: OpenJDK Runtime Environment (11.0.12+7) (build 11.0.12+7-b1504.28-7817840)
# Java VM: OpenJDK 64-Bit Server VM (11.0.12+7-b1504.28-7817840, mixed mode, tiered, compressed oops, g1 gc, windows-amd64)
Heap:
 garbage-first heap   total 315392K, used 64207K [0x0000000700000000, 0x0000000800000000)
  region size 1024K, 36 young (36864K), 11 survivors (11264K)
 Metaspace       used 58779K, capacity 60195K, committed 60236K, reserved 1101824K
  class space    used 7641K, capacity 8240K, committed 8268K, reserved 1048576K
GC Heap History (13 events):
Event: 0.613 GC heap before
{Heap before GC invocations=0 (full 0):
 garbage-first heap   total 262144K, used 29696K [0x0000000700000000, 0x0000000800000000)
  region size 1024K, 24 young (24576K), 0 survivors (0K)
 Metaspace       used 10206K, capacity 10437K, committed 10624K, reserved 1058816K
  class space    used 1064K, capacity 1139K, committed 1152K, reserved 1048576K
}
Event: 0.616 GC heap after
{Heap after GC invocations=1 (full 0):
 garbage-first heap   total 262144K, used 9087K [0x0000000700000000, 0x0000000800000000)
  region size 1024K, 3 young (3072K), 3 survivors (3072K)
 Metaspace       used 10206K, capacity 10437K, committed 10624K, reserved 1058816K
  class space    used 1064K, capacity 1139K, committed 1152K, reserved 1048576K
}
Event: 2.081 GC heap before
{Heap before GC invocations=1 (full 0):
 garbage-first heap   total 262144K, used 104319K [0x0000000700000000, 0x0000000800000000)
  region size 1024K, 97 young (99328K), 3 survivors (3072K)
 Metaspace       used 20536K, capacity 21104K, committed 21248K, reserved 1067008K
  class space    used 2505K, capacity 2690K, committed 2816K, reserved 1048576K
}
Event: 2.091 GC heap after
{Heap after GC invocations=2 (full 0):
 garbage-first heap   total 262144K, used 16670K [0x0000000700000000, 0x0000000800000000)
  region size 1024K, 11 young (11264K), 11 survivors (11264K)
 Metaspace       used 20536K, capacity 21104K, committed 21248K, reserved 1067008K
  class space    used 2505K, capacity 2690K, committed 2816K, reserved 1048576K
}
Event: 2.620 GC heap before
{Heap before GC invocations=3 (full 0):
 garbage-first heap   total 262144K, used 79134K [0x0000000700000000, 0x0000000800000000)
  region size 1024K, 72 young (73728K), 11 survivors (11264K)
 Metaspace       used 26453K, capacity 27212K, committed 27392K, reserved 1073152K
  class space    used 3489K, capacity 3755K, committed 3840K, reserved 1048576K
}
Event: 2.627 GC heap after
{Heap after GC invocations=4 (full 0):
 garbage-first heap   total 262144K, used 18675K [0x0000000700000000, 0x0000000800000000)
  region size 1024K, 3 young (3072K), 3 survivors (3072K)
 Metaspace       used 26453K, capacity 27212K, committed 27392K, reserved 1073152K
  class space    used 3489K, capacity 3755K, committed 3840K, reserved 1048576K
}
Event: 3.221 GC heap before
{Heap before GC invocations=4 (full 0):
 garbage-first heap   total 262144K, used 66803K [0x0000000700000000, 0x0000000800000000)
  region size 1024K, 52 young (53248K), 3 survivors (3072K)
 Metaspace       used 35013K, capacity 35838K, committed 35840K, reserved 1081344K
  class space    used 4538K, capacity 4864K, committed 4864K, reserved 1048576K
}
Event: 3.228 GC heap after
{Heap after GC invocations=5 (full 0):
 garbage-first heap   total 262144K, used 21781K [0x0000000700000000, 0x0000000800000000)
  region size 1024K, 6 young (6144K), 6 survivors (6144K)
 Metaspace       used 35013K, capacity 35838K, committed 35840K, reserved 1081344K
  class space    used 4538K, capacity 4864K, committed 4864K, reserved 1048576K
}
Event: 4.543 GC heap before
{Heap before GC invocations=6 (full 0):
 garbage-first heap   total 262144K, used 140565K [0x0000000700000000, 0x0000000800000000)
  region size 1024K, 119 young (121856K), 6 survivors (6144K)
 Metaspace       used 46472K, capacity 47691K, committed 47820K, reserved 1091584K
  class space    used 6042K, capacity 6517K, committed 6604K, reserved 1048576K
}
Event: 4.555 GC heap after
{Heap after GC invocations=7 (full 0):
 garbage-first heap   total 315392K, used 28859K [0x0000000700000000, 0x0000000800000000)
  region size 1024K, 13 young (13312K), 13 survivors (13312K)
 Metaspace       used 46472K, capacity 47691K, committed 47820K, reserved 1091584K
  class space    used 6042K, capacity 6517K, committed 6604K, reserved 1048576K
}
Event: 5.892 GC heap before
{Heap before GC invocations=7 (full 0):
 garbage-first heap   total 315392K, used 189627K [0x0000000700000000, 0x0000000800000000)
  region size 1024K, 168 young (172032K), 13 survivors (13312K)
 Metaspace       used 57276K, capacity 58736K, committed 58828K, reserved 1099776K
  class space    used 7468K, capacity 8048K, committed 8140K, reserved 1048576K
}
Event: 5.904 GC heap after
{Heap after GC invocations=8 (full 0):
 garbage-first heap   total 315392K, used 39561K [0x0000000700000000, 0x0000000800000000)
  region size 1024K, 18 young (18432K), 18 survivors (18432K)
 Metaspace       used 57276K, capacity 58736K, committed 58828K, reserved 1099776K
  class space    used 7468K, capacity 8048K, committed 8140K, reserved 1048576K
}
Event: 6.141 GC heap before
{Heap before GC invocations=8 (full 0):
 garbage-first heap   total 315392K, used 64137K [0x0000000700000000, 0x0000000800000000)
  region size 1024K, 43 young (44032K), 18 survivors (18432K)
 Metaspace       used 58779K, capacity 60195K, committed 60236K, reserved 1101824K
  class space    used 7641K, capacity 8240K, committed 8268K, reserved 1048576K
}

