# JRE version: OpenJDK Runtime Environment (11.0.12+7) (build 11.0.12+7-b1504.28-7817840)
# Java VM: OpenJDK 64-Bit Server VM (11.0.12+7-b1504.28-7817840, mixed mode, tiered, compressed oops, g1 gc, windows-amd64)
Heap:
 garbage-first heap   total 378880K, used 197632K [0x0000000700000000, 0x0000000800000000)
  region size 1024K, 80 young (81920K), 24 survivors (24576K)
 Metaspace       used 101107K, capacity 105322K, committed 105472K, reserved 1140736K
  class space    used 13205K, capacity 14795K, committed 14848K, reserved 1048576K
GC Heap History (20 events):
Event: 2.034 GC heap before
{Heap before GC invocations=1 (full 0):
 garbage-first heap   total 262144K, used 104592K [0x0000000700000000, 0x0000000800000000)
  region size 1024K, 97 young (99328K), 3 survivors (3072K)
 Metaspace       used 20542K, capacity 21104K, committed 21248K, reserved 1067008K
  class space    used 2506K, capacity 2690K, committed 2816K, reserved 1048576K
}
Event: 2.043 GC heap after
{Heap after GC invocations=2 (full 0):
 garbage-first heap   total 262144K, used 16291K [0x0000000700000000, 0x0000000800000000)
  region size 1024K, 10 young (10240K), 10 survivors (10240K)
 Metaspace       used 20542K, capacity 21104K, committed 21248K, reserved 1067008K
  class space    used 2506K, capacity 2690K, committed 2816K, reserved 1048576K
}
Event: 2.629 GC heap before
{Heap before GC invocations=3 (full 0):
 garbage-first heap   total 262144K, used 76707K [0x0000000700000000, 0x0000000800000000)
  region size 1024K, 70 young (71680K), 10 survivors (10240K)
 Metaspace       used 26408K, capacity 27138K, committed 27392K, reserved 1073152K
  class space    used 3478K, capacity 3751K, committed 3840K, reserved 1048576K
}
Event: 2.638 GC heap after
{Heap after GC invocations=4 (full 0):
 garbage-first heap   total 262144K, used 18745K [0x0000000700000000, 0x0000000800000000)
  region size 1024K, 3 young (3072K), 3 survivors (3072K)
 Metaspace       used 26408K, capacity 27138K, committed 27392K, reserved 1073152K
  class space    used 3478K, capacity 3751K, committed 3840K, reserved 1048576K
}
Event: 3.423 GC heap before
{Heap before GC invocations=4 (full 0):
 garbage-first heap   total 262144K, used 68921K [0x0000000700000000, 0x0000000800000000)
  region size 1024K, 53 young (54272K), 3 survivors (3072K)
 Metaspace       used 35024K, capacity 35806K, committed 35840K, reserved 1081344K
  class space    used 4543K, capacity 4832K, committed 4864K, reserved 1048576K
}
Event: 3.433 GC heap after
{Heap after GC invocations=5 (full 0):
 garbage-first heap   total 262144K, used 21742K [0x0000000700000000, 0x0000000800000000)
  region size 1024K, 6 young (6144K), 6 survivors (6144K)
 Metaspace       used 35024K, capacity 35806K, committed 35840K, reserved 1081344K
  class space    used 4543K, capacity 4832K, committed 4864K, reserved 1048576K
}
Event: 4.946 GC heap before
{Heap before GC invocations=6 (full 0):
 garbage-first heap   total 262144K, used 134382K [0x0000000700000000, 0x0000000800000000)
  region size 1024K, 113 young (115712K), 6 survivors (6144K)
 Metaspace       used 45868K, capacity 47038K, committed 47104K, reserved 1089536K
  class space    used 5943K, capacity 6387K, committed 6400K, reserved 1048576K
}
Event: 4.958 GC heap after
{Heap after GC invocations=7 (full 0):
 garbage-first heap   total 315392K, used 28231K [0x0000000700000000, 0x0000000800000000)
  region size 1024K, 12 young (12288K), 12 survivors (12288K)
 Metaspace       used 45868K, capacity 47038K, committed 47104K, reserved 1089536K
  class space    used 5943K, capacity 6387K, committed 6400K, reserved 1048576K
}
Event: 6.578 GC heap before
{Heap before GC invocations=7 (full 0):
 garbage-first heap   total 315392K, used 185927K [0x0000000700000000, 0x0000000800000000)
  region size 1024K, 163 young (166912K), 12 survivors (12288K)
 Metaspace       used 56531K, capacity 58035K, committed 58240K, reserved 1099776K
  class space    used 7384K, capacity 7964K, committed 8064K, reserved 1048576K
}
Event: 6.591 GC heap after
{Heap after GC invocations=8 (full 0):
 garbage-first heap   total 315392K, used 39036K [0x0000000700000000, 0x0000000800000000)
  region size 1024K, 18 young (18432K), 18 survivors (18432K)
 Metaspace       used 56531K, capacity 58035K, committed 58240K, reserved 1099776K
  class space    used 7384K, capacity 7964K, committed 8064K, reserved 1048576K
}
Event: 6.863 GC heap before
{Heap before GC invocations=8 (full 0):
 garbage-first heap   total 315392K, used 71804K [0x0000000700000000, 0x0000000800000000)
  region size 1024K, 51 young (52224K), 18 survivors (18432K)
 Metaspace       used 58587K, capacity 60088K, committed 60160K, reserved 1101824K
  class space    used 7628K, capacity 8250K, committed 8320K, reserved 1048576K
}
Event: 6.881 GC heap after
{Heap after GC invocations=9 (full 0):
 garbage-first heap   total 315392K, used 41081K [0x0000000700000000, 0x0000000800000000)
  region size 1024K, 11 young (11264K), 11 survivors (11264K)
 Metaspace       used 58587K, capacity 60088K, committed 60160K, reserved 1101824K
  class space    used 7628K, capacity 8250K, committed 8320K, reserved 1048576K
}
Event: 9.130 GC heap before
{Heap before GC invocations=10 (full 0):
 garbage-first heap   total 315392K, used 224377K [0x0000000700000000, 0x0000000800000000)
  region size 1024K, 181 young (185344K), 11 survivors (11264K)
 Metaspace       used 70108K, capacity 72229K, committed 72448K, reserved 1112064K
  class space    used 9118K, capacity 9892K, committed 9984K, reserved 1048576K
}
Event: 9.158 GC heap after
{Heap after GC invocations=11 (full 0):
 garbage-first heap   total 315392K, used 66736K [0x0000000700000000, 0x0000000800000000)
  region size 1024K, 23 young (23552K), 23 survivors (23552K)
 Metaspace       used 70108K, capacity 72229K, committed 72448K, reserved 1112064K
  class space    used 9118K, capacity 9892K, committed 9984K, reserved 1048576K
}
Event: 11.230 GC heap before
{Heap before GC invocations=12 (full 0):
 garbage-first heap   total 315392K, used 229552K [0x0000000700000000, 0x0000000800000000)
  region size 1024K, 182 young (186368K), 23 survivors (23552K)
 Metaspace       used 84375K, capacity 86609K, committed 86656K, reserved 1124352K
  class space    used 11036K, capacity 11875K, committed 11904K, reserved 1048576K
}
Event: 11.251 GC heap after
{Heap after GC invocations=13 (full 0):
 garbage-first heap   total 378880K, used 79250K [0x0000000700000000, 0x0000000800000000)
  region size 1024K, 12 young (12288K), 12 survivors (12288K)
 Metaspace       used 84375K, capacity 86609K, committed 86656K, reserved 1124352K
  class space    used 11036K, capacity 11875K, committed 11904K, reserved 1048576K
}
Event: 13.433 GC heap before
{Heap before GC invocations=13 (full 0):
 garbage-first heap   total 378880K, used 263570K [0x0000000700000000, 0x0000000800000000)
  region size 1024K, 192 young (196608K), 12 survivors (12288K)
 Metaspace       used 92046K, capacity 95619K, committed 95872K, reserved 1132544K
  class space    used 12025K, capacity 13401K, committed 13440K, reserved 1048576K
}
Event: 13.464 GC heap after
{Heap after GC invocations=14 (full 0):
 garbage-first heap   total 378880K, used 113300K [0x0000000700000000, 0x0000000800000000)
  region size 1024K, 24 young (24576K), 24 survivors (24576K)
 Metaspace       used 92046K, capacity 95619K, committed 95872K, reserved 1132544K
  class space    used 12025K, capacity 13401K, committed 13440K, reserved 1048576K
}
Event: 15.246 GC heap before
{Heap before GC invocations=14 (full 0):
 garbage-first heap   total 378880K, used 278164K [0x0000000700000000, 0x0000000800000000)
  region size 1024K, 185 young (189440K), 24 survivors (24576K)
 Metaspace       used 99409K, capacity 103432K, committed 103680K, reserved 1138688K
  class space    used 12987K, capacity 14503K, committed 14592K, reserved 1048576K
}
Event: 15.287 GC heap after
{Heap after GC invocations=15 (full 0):
 garbage-first heap   total 378880K, used 141312K [0x0000000700000000, 0x0000000800000000)
  region size 1024K, 24 young (24576K), 24 survivors (24576K)
 Metaspace       used 99409K, capacity 103432K, committed 103680K, reserved 1138688K
  class space    used 12987K, capacity 14503K, committed 14592K, reserved 1048576K
}

