# JRE version: OpenJDK Runtime Environment (11.0.12+7) (build 11.0.12+7-b1504.28-7817840)
# Java VM: OpenJDK 64-Bit Server VM (11.0.12+7-b1504.28-7817840, mixed mode, tiered, compressed oops, g1 gc, windows-amd64)
Heap:
 garbage-first heap   total 477184K, used 358400K [0x0000000700000000, 0x0000000800000000)
  region size 1024K, 123 young (125952K), 16 survivors (16384K)
 Metaspace       used 126896K, capacity 132274K, committed 132504K, reserved 1163264K
  class space    used 16239K, capacity 18275K, committed 18328K, reserved 1048576K
GC Heap History (20 events):
Event: 136.592 GC heap after
{Heap after GC invocations=39 (full 0):
 garbage-first heap   total 477184K, used 253864K [0x0000000700000000, 0x0000000800000000)
  region size 1024K, 16 young (16384K), 16 survivors (16384K)
 Metaspace       used 125895K, capacity 131253K, committed 131480K, reserved 1163264K
  class space    used 16207K, capacity 18229K, committed 18328K, reserved 1048576K
}
Event: 136.627 GC heap before
{Heap before GC invocations=39 (full 0):
 garbage-first heap   total 477184K, used 261032K [0x0000000700000000, 0x0000000800000000)
  region size 1024K, 23 young (23552K), 16 survivors (16384K)
 Metaspace       used 125895K, capacity 131253K, committed 131480K, reserved 1163264K
  class space    used 16207K, capacity 18229K, committed 18328K, reserved 1048576K
}
Event: 136.654 GC heap after
{Heap after GC invocations=40 (full 0):
 garbage-first heap   total 477184K, used 216837K [0x0000000700000000, 0x0000000800000000)
  region size 1024K, 3 young (3072K), 3 survivors (3072K)
 Metaspace       used 125895K, capacity 131253K, committed 131480K, reserved 1163264K
  class space    used 16207K, capacity 18229K, committed 18328K, reserved 1048576K
}
Event: 136.743 GC heap before
{Heap before GC invocations=40 (full 0):
 garbage-first heap   total 477184K, used 237317K [0x0000000700000000, 0x0000000800000000)
  region size 1024K, 23 young (23552K), 3 survivors (3072K)
 Metaspace       used 125898K, capacity 131253K, committed 131480K, reserved 1163264K
  class space    used 16207K, capacity 18229K, committed 18328K, reserved 1048576K
}
Event: 136.756 GC heap after
{Heap after GC invocations=41 (full 0):
 garbage-first heap   total 477184K, used 219100K [0x0000000700000000, 0x0000000800000000)
  region size 1024K, 3 young (3072K), 3 survivors (3072K)
 Metaspace       used 125898K, capacity 131253K, committed 131480K, reserved 1163264K
  class space    used 16207K, capacity 18229K, committed 18328K, reserved 1048576K
}
Event: 137.248 GC heap before
{Heap before GC invocations=41 (full 0):
 garbage-first heap   total 477184K, used 350172K [0x0000000700000000, 0x0000000800000000)
  region size 1024K, 132 young (135168K), 3 survivors (3072K)
 Metaspace       used 125948K, capacity 131308K, committed 131480K, reserved 1163264K
  class space    used 16217K, capacity 18246K, committed 18328K, reserved 1048576K
}
Event: 137.266 GC heap after
{Heap after GC invocations=42 (full 0):
 garbage-first heap   total 477184K, used 229595K [0x0000000700000000, 0x0000000800000000)
  region size 1024K, 14 young (14336K), 14 survivors (14336K)
 Metaspace       used 125948K, capacity 131308K, committed 131480K, reserved 1163264K
  class space    used 16217K, capacity 18246K, committed 18328K, reserved 1048576K
}
Event: 138.009 GC heap before
{Heap before GC invocations=43 (full 0):
 garbage-first heap   total 477184K, used 360667K [0x0000000700000000, 0x0000000800000000)
  region size 1024K, 143 young (146432K), 14 survivors (14336K)
 Metaspace       used 125967K, capacity 131308K, committed 131480K, reserved 1163264K
  class space    used 16217K, capacity 18246K, committed 18328K, reserved 1048576K
}
Event: 138.028 GC heap after
{Heap after GC invocations=44 (full 0):
 garbage-first heap   total 477184K, used 236694K [0x0000000700000000, 0x0000000800000000)
  region size 1024K, 10 young (10240K), 10 survivors (10240K)
 Metaspace       used 125967K, capacity 131308K, committed 131480K, reserved 1163264K
  class space    used 16217K, capacity 18246K, committed 18328K, reserved 1048576K
}
Event: 138.164 GC heap before
{Heap before GC invocations=44 (full 0):
 garbage-first heap   total 477184K, used 250006K [0x0000000700000000, 0x0000000800000000)
  region size 1024K, 23 young (23552K), 10 survivors (10240K)
 Metaspace       used 125971K, capacity 131308K, committed 131480K, reserved 1163264K
  class space    used 16217K, capacity 18246K, committed 18328K, reserved 1048576K
}
Event: 138.183 GC heap after
{Heap after GC invocations=45 (full 0):
 garbage-first heap   total 477184K, used 229941K [0x0000000700000000, 0x0000000800000000)
  region size 1024K, 2 young (2048K), 2 survivors (2048K)
 Metaspace       used 125971K, capacity 131308K, committed 131480K, reserved 1163264K
  class space    used 16217K, capacity 18246K, committed 18328K, reserved 1048576K
}
Event: 140.723 GC heap before
{Heap before GC invocations=45 (full 0):
 garbage-first heap   total 477184K, used 339509K [0x0000000700000000, 0x0000000800000000)
  region size 1024K, 111 young (113664K), 2 survivors (2048K)
 Metaspace       used 126260K, capacity 131587K, committed 131736K, reserved 1163264K
  class space    used 16219K, capacity 18249K, committed 18328K, reserved 1048576K
}
Event: 140.733 GC heap after
{Heap after GC invocations=46 (full 0):
 garbage-first heap   total 477184K, used 233191K [0x0000000700000000, 0x0000000800000000)
  region size 1024K, 5 young (5120K), 5 survivors (5120K)
 Metaspace       used 126260K, capacity 131587K, committed 131736K, reserved 1163264K
  class space    used 16219K, capacity 18249K, committed 18328K, reserved 1048576K
}
Event: 172.587 GC heap before
{Heap before GC invocations=47 (full 0):
 garbage-first heap   total 477184K, used 396007K [0x0000000700000000, 0x0000000800000000)
  region size 1024K, 141 young (144384K), 5 survivors (5120K)
 Metaspace       used 126576K, capacity 131917K, committed 131992K, reserved 1163264K
  class space    used 16235K, capacity 18269K, committed 18328K, reserved 1048576K
}
Event: 172.597 GC heap after
{Heap after GC invocations=48 (full 0):
 garbage-first heap   total 477184K, used 237640K [0x0000000700000000, 0x0000000800000000)
  region size 1024K, 10 young (10240K), 10 survivors (10240K)
 Metaspace       used 126576K, capacity 131917K, committed 131992K, reserved 1163264K
  class space    used 16235K, capacity 18269K, committed 18328K, reserved 1048576K
}
Event: 172.682 GC heap before
{Heap before GC invocations=48 (full 0):
 garbage-first heap   total 477184K, used 250952K [0x0000000700000000, 0x0000000800000000)
  region size 1024K, 23 young (23552K), 10 survivors (10240K)
 Metaspace       used 126599K, capacity 131920K, committed 131992K, reserved 1163264K
  class space    used 16236K, capacity 18270K, committed 18328K, reserved 1048576K
}
Event: 172.697 GC heap after
{Heap after GC invocations=49 (full 0):
 garbage-first heap   total 477184K, used 234648K [0x0000000700000000, 0x0000000800000000)
  region size 1024K, 3 young (3072K), 3 survivors (3072K)
 Metaspace       used 126599K, capacity 131920K, committed 131992K, reserved 1163264K
  class space    used 16236K, capacity 18270K, committed 18328K, reserved 1048576K
}
Event: 173.568 GC heap before
{Heap before GC invocations=49 (full 0):
 garbage-first heap   total 477184K, used 375960K [0x0000000700000000, 0x0000000800000000)
  region size 1024K, 141 young (144384K), 3 survivors (3072K)
 Metaspace       used 126813K, capacity 132127K, committed 132248K, reserved 1163264K
  class space    used 16237K, capacity 18272K, committed 18328K, reserved 1048576K
}
Event: 173.604 GC heap after
{Heap after GC invocations=50 (full 0):
 garbage-first heap   total 477184K, used 273408K [0x0000000700000000, 0x0000000800000000)
  region size 1024K, 18 young (18432K), 18 survivors (18432K)
 Metaspace       used 126813K, capacity 132127K, committed 132248K, reserved 1163264K
  class space    used 16237K, capacity 18272K, committed 18328K, reserved 1048576K
}
Event: 174.541 GC heap before
{Heap before GC invocations=51 (full 0):
 garbage-first heap   total 477184K, used 358400K [0x0000000700000000, 0x0000000800000000)
  region size 1024K, 125 young (128000K), 18 survivors (18432K)
 Metaspace       used 126896K, capacity 132274K, committed 132504K, reserved 1163264K
  class space    used 16239K, capacity 18275K, committed 18328K, reserved 1048576K
}

